<?xml version="1.0" encoding="UTF-8"?><testsuite failures="0" name="cucumber.runtime.formatter.JUnitFormatter" skipped="0" tests="3" time="146.195529">
<testcase classname="SubAndPay Feature" name="User is on the Course Page and able toSubscription for a Course" time="38.765948">
<system-out><![CDATA[Given User is on the Unacademy Course Page..................................passed
When User clicks on a particular Course.....................................passed
Then Get Subscription Tab is displayed and clicking on it duration of the course is also displayed.passed
]]></system-out>
</testcase>
<testcase classname="SubAndPay Feature" name="User now selects the Course Plan with Discount" time="41.90903">
<system-out><![CDATA[Given User is now on Course Duration Page...................................passed
When User clicks on different Course Plan...................................passed
And User Enters & Apply the Referral Code...................................passed
Then User click to procees to payment.......................................passed
]]></system-out>
</testcase>
<testcase classname="SubAndPay Feature" name="User Verifying Mobile Number and Different Payment Options" time="65.520551">
<system-out><![CDATA[Given User is Redirected to Payment Page....................................passed
When User Enters the Mobile Number 7979079958...............................passed
And User clicks login button................................................passed
And User Verify the OTP.....................................................passed
And User verify the Different Payment Options...............................passed
Then Close the Browser......................................................passed
]]></system-out>
</testcase>
</testsuite>
