<?xml version="1.0" encoding="UTF-8"?>
<testng-results skipped="0" failed="0" ignored="0" total="1" passed="1">
  <reporter-output>
  </reporter-output>
  <suite name="Default suite" duration-ms="107630" started-at="2021-05-05T14:02:06Z" finished-at="2021-05-05T14:03:54Z">
    <groups>
      <group name="cucumber">
        <method signature="AbstractTestNGCucumberTests.feature(cucumber.api.testng.CucumberFeatureWrapper)[pri:0, instance:TestRunner.TestngRunner@16293aa2]" name="feature" class="cucumber.api.testng.AbstractTestNGCucumberTests"/>
      </group> <!-- cucumber -->
    </groups>
    <test name="Default test" duration-ms="107630" started-at="2021-05-05T14:02:06Z" finished-at="2021-05-05T14:03:54Z">
      <class name="TestRunner.TestngRunner">
        <test-method status="PASS" signature="setUpClass()[pri:0, instance:TestRunner.TestngRunner@16293aa2]" name="setUpClass" is-config="true" duration-ms="316" started-at="2021-05-05T14:02:06Z" finished-at="2021-05-05T14:02:06Z">
          <reporter-output>
          </reporter-output>
        </test-method> <!-- setUpClass -->
        <test-method status="PASS" signature="feature(cucumber.api.testng.CucumberFeatureWrapper)[pri:0, instance:TestRunner.TestngRunner@16293aa2]" name="feature" duration-ms="106191" started-at="2021-05-05T14:02:07Z" description="Runs Cucumber Feature" data-provider="features" finished-at="2021-05-05T14:03:53Z">
          <params>
            <param index="0">
              <value>
                <![CDATA[SubAndPay Feature]]>
              </value>
            </param>
          </params>
          <reporter-output>
          </reporter-output>
        </test-method> <!-- feature -->
        <test-method status="PASS" signature="tearDownClass()[pri:0, instance:TestRunner.TestngRunner@16293aa2]" name="tearDownClass" is-config="true" duration-ms="879" started-at="2021-05-05T14:03:53Z" finished-at="2021-05-05T14:03:54Z">
          <reporter-output>
          </reporter-output>
        </test-method> <!-- tearDownClass -->
      </class> <!-- TestRunner.TestngRunner -->
    </test> <!-- Default test -->
  </suite> <!-- Default suite -->
</testng-results>
