<?xml version="1.0" encoding="UTF-8"?>
<testng-results skipped="0" failed="0" ignored="0" total="1" passed="1">
  <reporter-output>
  </reporter-output>
  <suite name="Default suite" duration-ms="144222" started-at="2021-05-06T09:37:18Z" finished-at="2021-05-06T09:39:42Z">
    <groups>
      <group name="cucumber">
        <method signature="AbstractTestNGCucumberTests.feature(cucumber.api.testng.CucumberFeatureWrapper)[pri:0, instance:TestRunner.TestngRunner@564fabc8]" name="feature" class="cucumber.api.testng.AbstractTestNGCucumberTests"/>
      </group> <!-- cucumber -->
    </groups>
    <test name="Default test" duration-ms="144222" started-at="2021-05-06T09:37:18Z" finished-at="2021-05-06T09:39:42Z">
      <class name="TestRunner.TestngRunner">
        <test-method status="PASS" signature="setUpClass()[pri:0, instance:TestRunner.TestngRunner@564fabc8]" name="setUpClass" is-config="true" duration-ms="1314" started-at="2021-05-06T09:37:18Z" finished-at="2021-05-06T09:37:19Z">
          <reporter-output>
          </reporter-output>
        </test-method> <!-- setUpClass -->
        <test-method status="PASS" signature="feature(cucumber.api.testng.CucumberFeatureWrapper)[pri:0, instance:TestRunner.TestngRunner@564fabc8]" name="feature" duration-ms="140833" started-at="2021-05-06T09:37:20Z" description="Runs Cucumber Feature" data-provider="features" finished-at="2021-05-06T09:39:40Z">
          <params>
            <param index="0">
              <value>
                <![CDATA[SubAndPay Feature]]>
              </value>
            </param>
          </params>
          <reporter-output>
          </reporter-output>
        </test-method> <!-- feature -->
        <test-method status="PASS" signature="tearDownClass()[pri:0, instance:TestRunner.TestngRunner@564fabc8]" name="tearDownClass" is-config="true" duration-ms="1611" started-at="2021-05-06T09:39:41Z" finished-at="2021-05-06T09:39:42Z">
          <reporter-output>
          </reporter-output>
        </test-method> <!-- tearDownClass -->
      </class> <!-- TestRunner.TestngRunner -->
    </test> <!-- Default test -->
  </suite> <!-- Default suite -->
</testng-results>
